<?xml version="1.0" encoding="UTF-8"?>
<testsuite xmlns:xsi="http://www.w3.org/2001/XMLSchema-instance" xsi:schemaLocation="https://maven.apache.org/surefire/maven-surefire-plugin/xsd/surefire-test-report.xsd" name="tn.esprit.spring.service.ContratServiceImplTest" time="15.489" tests="3" errors="1" skipped="0" failures="0">
  <properties>
[...]
</properties>
  <testcase name="testretrieveAllContrats" classname="tn.esprit.spring.service.ContratServiceImplTest" time="0.913"/>
  <testcase name="testdeleteContrat" classname="tn.esprit.spring.service.ContratServiceImplTest" time="0.086">
    <error message="No class tn.esprit.spring.entities.Contrat entity with id 2 exists!" type="org.springframework.dao.EmptyResultDataAccessException">org.springframework.dao.EmptyResultDataAccessException: No class tn.esprit.spring.entities.Contrat entity with id 2 exists!
	at tn.esprit.spring.service.ContratServiceImplTest.testdeleteContrat(ContratServiceImplTest.java:67)
</error>
    <system-out><![CDATA[Hibernate: select contrat0_.reference as referenc1_0_0_, contrat0_.date_debut as date_deb2_0_0_, contrat0_.salaire as salaire3_0_0_, contrat0_.type_contrat as type_con4_0_0_, employe1_.id as id1_3_1_, employe1_.actif as actif2_3_1_, employe1_.contrat_reference as contrat_8_3_1_, employe1_.email as email3_3_1_, employe1_.nom as nom4_3_1_, employe1_.password as password5_3_1_, employe1_.prenom as prenom6_3_1_, employe1_.role as role7_3_1_ from t_contrat contrat0_ left outer join t_employe employe1_ on contrat0_.reference=employe1_.contrat_reference where contrat0_.reference=?
]]></system-out>
  </testcase>
  <testcase name="testAjouterContrat" classname="tn.esprit.spring.service.ContratServiceImplTest" time="0.066"/>
</testsuite>