<?xml version="1.0" encoding="UTF-8"?>
<testsuite xmlns:xsi="http://www.w3.org/2001/XMLSchema-instance" xsi:noNamespaceSchemaLocation="https://maven.apache.org/surefire/maven-surefire-plugin/xsd/surefire-test-report.xsd" name="tn.esprit.spring.services.EmployeServiceImplTest" time="26.846" tests="5" errors="0" skipped="0" failures="0">
  <properties>
[...]
</properties>
  <testcase name="testretrieveAllEmployes" classname="tn.esprit.spring.services.EmployeServiceImplTest" time="0.213"/>
  <testcase name="testAddEmploye" classname="tn.esprit.spring.services.EmployeServiceImplTest" time="0.04"/>
  <testcase name="testUpdateEmploye" classname="tn.esprit.spring.services.EmployeServiceImplTest" time="0.047"/>
  <testcase name="testRetrieveEmploye" classname="tn.esprit.spring.services.EmployeServiceImplTest" time="0.008"/>
  <testcase name="testdeleteEmploye" classname="tn.esprit.spring.services.EmployeServiceImplTest" time="0.034"/>
</testsuite>